{"C:\\Programming\\projects\\conference-room-api\\src\\controllers\\bookingController.js": {"path":"C:\\Programming\\projects\\conference-room-api\\src\\controllers\\bookingController.js","statementMap":{"0":{"start":{"line":1,"column":17},"end":{"line":1,"column":45}},"1":{"start":{"line":2,"column":20},"end":{"line":2,"column":50}},"2":{"start":{"line":6,"column":4},"end":{"line":6,"column":41}},"3":{"start":{"line":9,"column":41},"end":{"line":9,"column":49}},"4":{"start":{"line":11,"column":2},"end":{"line":13,"column":3}},"5":{"start":{"line":12,"column":4},"end":{"line":12,"column":60}},"6":{"start":{"line":15,"column":17},"end":{"line":20,"column":4}},"7":{"start":{"line":22,"column":2},"end":{"line":24,"column":3}},"8":{"start":{"line":23,"column":4},"end":{"line":23,"column":59}},"9":{"start":{"line":26,"column":2},"end":{"line":26,"column":39}},"10":{"start":{"line":30,"column":24},"end":{"line":30,"column":34}},"11":{"start":{"line":32,"column":2},"end":{"line":34,"column":3}},"12":{"start":{"line":33,"column":4},"end":{"line":33,"column":60}},"13":{"start":{"line":36,"column":17},"end":{"line":39,"column":4}},"14":{"start":{"line":41,"column":2},"end":{"line":43,"column":3}},"15":{"start":{"line":42,"column":4},"end":{"line":42,"column":59}},"16":{"start":{"line":45,"column":2},"end":{"line":45,"column":70}},"17":{"start":{"line":48,"column":0},"end":{"line":51,"column":2}}},"fnMap":{"0":{"name":"createBookingHandler","decl":{"start":{"line":8,"column":9},"end":{"line":8,"column":29}},"loc":{"start":{"line":8,"column":46},"end":{"line":27,"column":1}},"line":8},"1":{"name":"cancelBookingHandler","decl":{"start":{"line":29,"column":9},"end":{"line":29,"column":29}},"loc":{"start":{"line":29,"column":46},"end":{"line":46,"column":1}},"line":29}},"branchMap":{"0":{"loc":{"start":{"line":11,"column":2},"end":{"line":13,"column":3}},"type":"if","locations":[{"start":{"line":11,"column":2},"end":{"line":13,"column":3}},{"start":{},"end":{}}],"line":11},"1":{"loc":{"start":{"line":11,"column":6},"end":{"line":11,"column":39}},"type":"binary-expr","locations":[{"start":{"line":11,"column":6},"end":{"line":11,"column":13}},{"start":{"line":11,"column":17},"end":{"line":11,"column":27}},{"start":{"line":11,"column":31},"end":{"line":11,"column":39}}],"line":11},"2":{"loc":{"start":{"line":22,"column":2},"end":{"line":24,"column":3}},"type":"if","locations":[{"start":{"line":22,"column":2},"end":{"line":24,"column":3}},{"start":{},"end":{}}],"line":22},"3":{"loc":{"start":{"line":32,"column":2},"end":{"line":34,"column":3}},"type":"if","locations":[{"start":{"line":32,"column":2},"end":{"line":34,"column":3}},{"start":{},"end":{}}],"line":32},"4":{"loc":{"start":{"line":41,"column":2},"end":{"line":43,"column":3}},"type":"if","locations":[{"start":{"line":41,"column":2},"end":{"line":43,"column":3}},{"start":{},"end":{}}],"line":41}},"s":{"0":2,"1":2,"2":2,"3":7,"4":7,"5":0,"6":7,"7":7,"8":5,"9":2,"10":2,"11":2,"12":0,"13":2,"14":2,"15":2,"16":0,"17":2},"f":{"0":7,"1":2},"b":{"0":[0,7],"1":[7,7,7],"2":[5,2],"3":[0,2],"4":[2,0]},"_coverageSchema":"1a1c01bbd47fc00a2c39e90264f33305004495a9","hash":"1fd200249aa74d7734b2db38b736b58496f654ce"}
,"C:\\Programming\\projects\\conference-room-api\\src\\controllers\\roomController.js": {"path":"C:\\Programming\\projects\\conference-room-api\\src\\controllers\\roomController.js","statementMap":{"0":{"start":{"line":1,"column":17},"end":{"line":1,"column":45}},"1":{"start":{"line":2,"column":28},"end":{"line":2,"column":65}},"2":{"start":{"line":5,"column":21},"end":{"line":5,"column":31}},"3":{"start":{"line":7,"column":17},"end":{"line":10,"column":4}},"4":{"start":{"line":12,"column":2},"end":{"line":14,"column":3}},"5":{"start":{"line":13,"column":4},"end":{"line":13,"column":59}},"6":{"start":{"line":16,"column":2},"end":{"line":16,"column":31}},"7":{"start":{"line":19,"column":0},"end":{"line":21,"column":2}}},"fnMap":{"0":{"name":"getRoomBookingsHandler","decl":{"start":{"line":4,"column":9},"end":{"line":4,"column":31}},"loc":{"start":{"line":4,"column":48},"end":{"line":17,"column":1}},"line":4}},"branchMap":{"0":{"loc":{"start":{"line":12,"column":2},"end":{"line":14,"column":3}},"type":"if","locations":[{"start":{"line":12,"column":2},"end":{"line":14,"column":3}},{"start":{},"end":{}}],"line":12}},"s":{"0":2,"1":2,"2":2,"3":2,"4":2,"5":0,"6":2,"7":2},"f":{"0":2},"b":{"0":[0,2]},"_coverageSchema":"1a1c01bbd47fc00a2c39e90264f33305004495a9","hash":"0171ca946611de335e2685ea0ad981a25d08d7e9"}
,"C:\\Programming\\projects\\conference-room-api\\src\\data\\store.js": {"path":"C:\\Programming\\projects\\conference-room-api\\src\\data\\store.js","statementMap":{"0":{"start":{"line":1,"column":12},"end":{"line":1,"column":14}},"1":{"start":{"line":2,"column":15},"end":{"line":2,"column":17}},"2":{"start":{"line":5,"column":2},"end":{"line":8,"column":4}},"3":{"start":{"line":9,"column":2},"end":{"line":9,"column":16}},"4":{"start":{"line":13,"column":2},"end":{"line":13,"column":15}},"5":{"start":{"line":17,"column":2},"end":{"line":17,"column":18}},"6":{"start":{"line":21,"column":2},"end":{"line":21,"column":25}},"7":{"start":{"line":25,"column":2},"end":{"line":25,"column":54}},"8":{"start":{"line":25,"column":34},"end":{"line":25,"column":52}},"9":{"start":{"line":29,"column":2},"end":{"line":29,"column":18}},"10":{"start":{"line":32,"column":0},"end":{"line":39,"column":2}}},"fnMap":{"0":{"name":"initializeStore","decl":{"start":{"line":4,"column":9},"end":{"line":4,"column":24}},"loc":{"start":{"line":4,"column":27},"end":{"line":10,"column":1}},"line":4},"1":{"name":"getRooms","decl":{"start":{"line":12,"column":9},"end":{"line":12,"column":17}},"loc":{"start":{"line":12,"column":20},"end":{"line":14,"column":1}},"line":12},"2":{"name":"getBookings","decl":{"start":{"line":16,"column":9},"end":{"line":16,"column":20}},"loc":{"start":{"line":16,"column":23},"end":{"line":18,"column":1}},"line":16},"3":{"name":"addBooking","decl":{"start":{"line":20,"column":9},"end":{"line":20,"column":19}},"loc":{"start":{"line":20,"column":29},"end":{"line":22,"column":1}},"line":20},"4":{"name":"removeBooking","decl":{"start":{"line":24,"column":9},"end":{"line":24,"column":22}},"loc":{"start":{"line":24,"column":34},"end":{"line":26,"column":1}},"line":24},"5":{"name":"(anonymous_5)","decl":{"start":{"line":25,"column":29},"end":{"line":25,"column":30}},"loc":{"start":{"line":25,"column":34},"end":{"line":25,"column":52}},"line":25},"6":{"name":"returnBookings","decl":{"start":{"line":28,"column":9},"end":{"line":28,"column":23}},"loc":{"start":{"line":28,"column":26},"end":{"line":30,"column":1}},"line":28}},"branchMap":{},"s":{"0":3,"1":3,"2":13,"3":13,"4":0,"5":1,"6":0,"7":0,"8":0,"9":1,"10":3},"f":{"0":13,"1":0,"2":1,"3":0,"4":0,"5":0,"6":1},"b":{},"_coverageSchema":"1a1c01bbd47fc00a2c39e90264f33305004495a9","hash":"4917e29a07698a30c329d56daf33270a49e2c155"}
,"C:\\Programming\\projects\\conference-room-api\\src\\middleware\\errorHandler.js": {"path":"C:\\Programming\\projects\\conference-room-api\\src\\middleware\\errorHandler.js","statementMap":{"0":{"start":{"line":2,"column":21},"end":{"line":2,"column":42}},"1":{"start":{"line":4,"column":2},"end":{"line":12,"column":3}},"2":{"start":{"line":5,"column":4},"end":{"line":5,"column":23}},"3":{"start":{"line":6,"column":4},"end":{"line":11,"column":7}},"4":{"start":{"line":14,"column":2},"end":{"line":19,"column":5}},"5":{"start":{"line":22,"column":0},"end":{"line":22,"column":30}}},"fnMap":{"0":{"name":"errorHandler","decl":{"start":{"line":1,"column":9},"end":{"line":1,"column":21}},"loc":{"start":{"line":1,"column":43},"end":{"line":20,"column":1}},"line":1}},"branchMap":{"0":{"loc":{"start":{"line":2,"column":21},"end":{"line":2,"column":42}},"type":"binary-expr","locations":[{"start":{"line":2,"column":21},"end":{"line":2,"column":35}},{"start":{"line":2,"column":39},"end":{"line":2,"column":42}}],"line":2},"1":{"loc":{"start":{"line":4,"column":2},"end":{"line":12,"column":3}},"type":"if","locations":[{"start":{"line":4,"column":2},"end":{"line":12,"column":3}},{"start":{},"end":{}}],"line":4}},"s":{"0":7,"1":7,"2":0,"3":0,"4":7,"5":2},"f":{"0":7},"b":{"0":[7,0],"1":[0,7]},"_coverageSchema":"1a1c01bbd47fc00a2c39e90264f33305004495a9","hash":"558e2b72973a58ce10f28924e3278c120efbb523"}
,"C:\\Programming\\projects\\conference-room-api\\src\\middleware\\requireUser.js": {"path":"C:\\Programming\\projects\\conference-room-api\\src\\middleware\\requireUser.js","statementMap":{"0":{"start":{"line":1,"column":17},"end":{"line":1,"column":45}},"1":{"start":{"line":2,"column":20},"end":{"line":2,"column":50}},"2":{"start":{"line":5,"column":17},"end":{"line":5,"column":40}},"3":{"start":{"line":7,"column":2},"end":{"line":9,"column":3}},"4":{"start":{"line":8,"column":4},"end":{"line":8,"column":62}},"5":{"start":{"line":11,"column":2},"end":{"line":11,"column":22}},"6":{"start":{"line":12,"column":2},"end":{"line":12,"column":9}},"7":{"start":{"line":15,"column":0},"end":{"line":15,"column":29}}},"fnMap":{"0":{"name":"requireUser","decl":{"start":{"line":4,"column":9},"end":{"line":4,"column":20}},"loc":{"start":{"line":4,"column":37},"end":{"line":13,"column":1}},"line":4}},"branchMap":{"0":{"loc":{"start":{"line":7,"column":2},"end":{"line":9,"column":3}},"type":"if","locations":[{"start":{"line":7,"column":2},"end":{"line":9,"column":3}},{"start":{},"end":{}}],"line":7}},"s":{"0":2,"1":2,"2":13,"3":13,"4":1,"5":12,"6":12,"7":2},"f":{"0":13},"b":{"0":[1,12]},"_coverageSchema":"1a1c01bbd47fc00a2c39e90264f33305004495a9","hash":"183d0c1ea3e6a2bc0802265ecf3a11b8d43d211f"}
,"C:\\Programming\\projects\\conference-room-api\\src\\middleware\\validateRequest.js": {"path":"C:\\Programming\\projects\\conference-room-api\\src\\middleware\\validateRequest.js","statementMap":{"0":{"start":{"line":1,"column":17},"end":{"line":1,"column":45}},"1":{"start":{"line":2,"column":20},"end":{"line":2,"column":50}},"2":{"start":{"line":8,"column":2},"end":{"line":24,"column":4}},"3":{"start":{"line":9,"column":4},"end":{"line":22,"column":5}},"4":{"start":{"line":10,"column":27},"end":{"line":10,"column":40}},"5":{"start":{"line":11,"column":6},"end":{"line":21,"column":7}},"6":{"start":{"line":12,"column":8},"end":{"line":20,"column":10}},"7":{"start":{"line":23,"column":4},"end":{"line":23,"column":11}},"8":{"start":{"line":27,"column":0},"end":{"line":27,"column":33}}},"fnMap":{"0":{"name":"validateRequest","decl":{"start":{"line":7,"column":9},"end":{"line":7,"column":24}},"loc":{"start":{"line":7,"column":37},"end":{"line":25,"column":1}},"line":7},"1":{"name":"(anonymous_1)","decl":{"start":{"line":8,"column":9},"end":{"line":8,"column":10}},"loc":{"start":{"line":8,"column":29},"end":{"line":24,"column":3}},"line":8}},"branchMap":{"0":{"loc":{"start":{"line":11,"column":6},"end":{"line":21,"column":7}},"type":"if","locations":[{"start":{"line":11,"column":6},"end":{"line":21,"column":7}},{"start":{},"end":{}}],"line":11}},"s":{"0":2,"1":2,"2":6,"3":12,"4":12,"5":12,"6":1,"7":11,"8":2},"f":{"0":6,"1":12},"b":{"0":[1,11]},"_coverageSchema":"1a1c01bbd47fc00a2c39e90264f33305004495a9","hash":"c239325dff8a1c15edf0f9617dabf25da66e4db1"}
,"C:\\Programming\\projects\\conference-room-api\\src\\models\\bookingModel.js": {"path":"C:\\Programming\\projects\\conference-room-api\\src\\models\\bookingModel.js","statementMap":{"0":{"start":{"line":4,"column":23},"end":{"line":4,"column":32}},"1":{"start":{"line":6,"column":0},"end":{"line":8,"column":2}}},"fnMap":{},"branchMap":{},"s":{"0":3,"1":3},"f":{},"b":{},"_coverageSchema":"1a1c01bbd47fc00a2c39e90264f33305004495a9","hash":"7abba29c7ffc7883207caa33d88d0049ffdfe9cc"}
,"C:\\Programming\\projects\\conference-room-api\\src\\models\\roomModel.js": {"path":"C:\\Programming\\projects\\conference-room-api\\src\\models\\roomModel.js","statementMap":{"0":{"start":{"line":1,"column":14},"end":{"line":5,"column":2}},"1":{"start":{"line":8,"column":2},"end":{"line":8,"column":27}},"2":{"start":{"line":11,"column":0},"end":{"line":14,"column":2}}},"fnMap":{"0":{"name":"getRoomById","decl":{"start":{"line":7,"column":9},"end":{"line":7,"column":20}},"loc":{"start":{"line":7,"column":29},"end":{"line":9,"column":1}},"line":7}},"branchMap":{},"s":{"0":3,"1":17,"2":3},"f":{"0":17},"b":{},"_coverageSchema":"1a1c01bbd47fc00a2c39e90264f33305004495a9","hash":"5468659a2440f0b730d6847624350847a7b346c0"}
,"C:\\Programming\\projects\\conference-room-api\\src\\routes\\bookingRoutes.js": {"path":"C:\\Programming\\projects\\conference-room-api\\src\\routes\\bookingRoutes.js","statementMap":{"0":{"start":{"line":1,"column":16},"end":{"line":1,"column":34}},"1":{"start":{"line":5,"column":4},"end":{"line":5,"column":47}},"2":{"start":{"line":6,"column":20},"end":{"line":6,"column":56}},"3":{"start":{"line":7,"column":24},"end":{"line":7,"column":64}},"4":{"start":{"line":11,"column":4},"end":{"line":11,"column":46}},"5":{"start":{"line":13,"column":15},"end":{"line":13,"column":31}},"6":{"start":{"line":15,"column":0},"end":{"line":15,"column":24}},"7":{"start":{"line":17,"column":0},"end":{"line":21,"column":2}},"8":{"start":{"line":23,"column":0},"end":{"line":27,"column":2}},"9":{"start":{"line":29,"column":0},"end":{"line":29,"column":24}}},"fnMap":{},"branchMap":{},"s":{"0":2,"1":2,"2":2,"3":2,"4":2,"5":2,"6":2,"7":2,"8":2,"9":2},"f":{},"b":{},"_coverageSchema":"1a1c01bbd47fc00a2c39e90264f33305004495a9","hash":"0c811202bd20d5e1bd8d39d633d4f7395782a6c3"}
,"C:\\Programming\\projects\\conference-room-api\\src\\routes\\roomRoutes.js": {"path":"C:\\Programming\\projects\\conference-room-api\\src\\routes\\roomRoutes.js","statementMap":{"0":{"start":{"line":1,"column":16},"end":{"line":1,"column":34}},"1":{"start":{"line":2,"column":35},"end":{"line":2,"column":75}},"2":{"start":{"line":3,"column":20},"end":{"line":3,"column":56}},"3":{"start":{"line":4,"column":24},"end":{"line":4,"column":64}},"4":{"start":{"line":5,"column":32},"end":{"line":5,"column":71}},"5":{"start":{"line":7,"column":15},"end":{"line":7,"column":31}},"6":{"start":{"line":9,"column":0},"end":{"line":14,"column":2}},"7":{"start":{"line":16,"column":0},"end":{"line":16,"column":24}}},"fnMap":{},"branchMap":{},"s":{"0":2,"1":2,"2":2,"3":2,"4":2,"5":2,"6":2,"7":2},"f":{},"b":{},"_coverageSchema":"1a1c01bbd47fc00a2c39e90264f33305004495a9","hash":"3267b000d968786a1a8461512368f24f1105bf5d"}
,"C:\\Programming\\projects\\conference-room-api\\src\\services\\bookingService.js": {"path":"C:\\Programming\\projects\\conference-room-api\\src\\services\\bookingService.js","statementMap":{"0":{"start":{"line":1,"column":27},"end":{"line":1,"column":60}},"1":{"start":{"line":2,"column":24},"end":{"line":2,"column":54}},"2":{"start":{"line":8,"column":4},"end":{"line":8,"column":33}},"3":{"start":{"line":9,"column":20},"end":{"line":9,"column":50}},"4":{"start":{"line":11,"column":21},"end":{"line":11,"column":22}},"5":{"start":{"line":14,"column":15},"end":{"line":14,"column":34}},"6":{"start":{"line":15,"column":2},"end":{"line":17,"column":3}},"7":{"start":{"line":16,"column":4},"end":{"line":16,"column":62}},"8":{"start":{"line":19,"column":16},"end":{"line":19,"column":40}},"9":{"start":{"line":20,"column":14},"end":{"line":20,"column":36}},"10":{"start":{"line":22,"column":2},"end":{"line":24,"column":3}},"11":{"start":{"line":23,"column":4},"end":{"line":23,"column":67}},"12":{"start":{"line":26,"column":2},"end":{"line":28,"column":3}},"13":{"start":{"line":27,"column":4},"end":{"line":27,"column":66}},"14":{"start":{"line":30,"column":2},"end":{"line":32,"column":3}},"15":{"start":{"line":31,"column":4},"end":{"line":31,"column":63}},"16":{"start":{"line":34,"column":2},"end":{"line":36,"column":3}},"17":{"start":{"line":35,"column":4},"end":{"line":35,"column":65}},"18":{"start":{"line":38,"column":27},"end":{"line":38,"column":59}},"19":{"start":{"line":39,"column":2},"end":{"line":43,"column":3}},"20":{"start":{"line":40,"column":4},"end":{"line":42,"column":5}},"21":{"start":{"line":41,"column":6},"end":{"line":41,"column":70}},"22":{"start":{"line":45,"column":18},"end":{"line":51,"column":3}},"23":{"start":{"line":53,"column":26},"end":{"line":55,"column":3}},"24":{"start":{"line":54,"column":14},"end":{"line":54,"column":31}},"25":{"start":{"line":57,"column":2},"end":{"line":57,"column":46}},"26":{"start":{"line":59,"column":2},"end":{"line":66,"column":4}},"27":{"start":{"line":70,"column":2},"end":{"line":87,"column":3}},"28":{"start":{"line":71,"column":18},"end":{"line":71,"column":68}},"29":{"start":{"line":71,"column":42},"end":{"line":71,"column":67}},"30":{"start":{"line":72,"column":4},"end":{"line":72,"column":31}},"31":{"start":{"line":72,"column":22},"end":{"line":72,"column":31}},"32":{"start":{"line":74,"column":20},"end":{"line":74,"column":35}},"33":{"start":{"line":76,"column":4},"end":{"line":78,"column":5}},"34":{"start":{"line":77,"column":6},"end":{"line":77,"column":59}},"35":{"start":{"line":80,"column":4},"end":{"line":82,"column":5}},"36":{"start":{"line":81,"column":6},"end":{"line":81,"column":73}},"37":{"start":{"line":84,"column":4},"end":{"line":84,"column":30}},"38":{"start":{"line":85,"column":4},"end":{"line":85,"column":41}},"39":{"start":{"line":86,"column":4},"end":{"line":86,"column":29}},"40":{"start":{"line":89,"column":2},"end":{"line":89,"column":63}},"41":{"start":{"line":93,"column":15},"end":{"line":93,"column":34}},"42":{"start":{"line":94,"column":2},"end":{"line":96,"column":3}},"43":{"start":{"line":95,"column":4},"end":{"line":95,"column":62}},"44":{"start":{"line":98,"column":19},"end":{"line":98,"column":51}},"45":{"start":{"line":100,"column":2},"end":{"line":108,"column":4}},"46":{"start":{"line":102,"column":33},"end":{"line":107,"column":5}},"47":{"start":{"line":112,"column":14},"end":{"line":112,"column":48}},"48":{"start":{"line":112,"column":19},"end":{"line":112,"column":48}},"49":{"start":{"line":113,"column":2},"end":{"line":115,"column":56}},"50":{"start":{"line":118,"column":0},"end":{"line":122,"column":2}}},"fnMap":{"0":{"name":"createBooking","decl":{"start":{"line":13,"column":9},"end":{"line":13,"column":22}},"loc":{"start":{"line":13,"column":63},"end":{"line":67,"column":1}},"line":13},"1":{"name":"(anonymous_1)","decl":{"start":{"line":54,"column":4},"end":{"line":54,"column":5}},"loc":{"start":{"line":54,"column":14},"end":{"line":54,"column":31}},"line":54},"2":{"name":"cancelBooking","decl":{"start":{"line":69,"column":9},"end":{"line":69,"column":22}},"loc":{"start":{"line":69,"column":46},"end":{"line":90,"column":1}},"line":69},"3":{"name":"(anonymous_3)","decl":{"start":{"line":71,"column":37},"end":{"line":71,"column":38}},"loc":{"start":{"line":71,"column":42},"end":{"line":71,"column":67}},"line":71},"4":{"name":"getRoomBookings","decl":{"start":{"line":92,"column":9},"end":{"line":92,"column":24}},"loc":{"start":{"line":92,"column":45},"end":{"line":109,"column":1}},"line":92},"5":{"name":"(anonymous_5)","decl":{"start":{"line":102,"column":27},"end":{"line":102,"column":28}},"loc":{"start":{"line":102,"column":33},"end":{"line":107,"column":5}},"line":102},"6":{"name":"formatDate","decl":{"start":{"line":111,"column":9},"end":{"line":111,"column":19}},"loc":{"start":{"line":111,"column":26},"end":{"line":116,"column":1}},"line":111},"7":{"name":"(anonymous_7)","decl":{"start":{"line":112,"column":14},"end":{"line":112,"column":15}},"loc":{"start":{"line":112,"column":19},"end":{"line":112,"column":48}},"line":112}},"branchMap":{"0":{"loc":{"start":{"line":15,"column":2},"end":{"line":17,"column":3}},"type":"if","locations":[{"start":{"line":15,"column":2},"end":{"line":17,"column":3}},{"start":{},"end":{}}],"line":15},"1":{"loc":{"start":{"line":22,"column":2},"end":{"line":24,"column":3}},"type":"if","locations":[{"start":{"line":22,"column":2},"end":{"line":24,"column":3}},{"start":{},"end":{}}],"line":22},"2":{"loc":{"start":{"line":22,"column":6},"end":{"line":22,"column":20}},"type":"binary-expr","locations":[{"start":{"line":22,"column":6},"end":{"line":22,"column":12}},{"start":{"line":22,"column":16},"end":{"line":22,"column":20}}],"line":22},"3":{"loc":{"start":{"line":26,"column":2},"end":{"line":28,"column":3}},"type":"if","locations":[{"start":{"line":26,"column":2},"end":{"line":28,"column":3}},{"start":{},"end":{}}],"line":26},"4":{"loc":{"start":{"line":30,"column":2},"end":{"line":32,"column":3}},"type":"if","locations":[{"start":{"line":30,"column":2},"end":{"line":32,"column":3}},{"start":{},"end":{}}],"line":30},"5":{"loc":{"start":{"line":34,"column":2},"end":{"line":36,"column":3}},"type":"if","locations":[{"start":{"line":34,"column":2},"end":{"line":36,"column":3}},{"start":{},"end":{}}],"line":34},"6":{"loc":{"start":{"line":38,"column":27},"end":{"line":38,"column":59}},"type":"binary-expr","locations":[{"start":{"line":38,"column":27},"end":{"line":38,"column":53}},{"start":{"line":38,"column":57},"end":{"line":38,"column":59}}],"line":38},"7":{"loc":{"start":{"line":40,"column":4},"end":{"line":42,"column":5}},"type":"if","locations":[{"start":{"line":40,"column":4},"end":{"line":42,"column":5}},{"start":{},"end":{}}],"line":40},"8":{"loc":{"start":{"line":72,"column":4},"end":{"line":72,"column":31}},"type":"if","locations":[{"start":{"line":72,"column":4},"end":{"line":72,"column":31}},{"start":{},"end":{}}],"line":72},"9":{"loc":{"start":{"line":76,"column":4},"end":{"line":78,"column":5}},"type":"if","locations":[{"start":{"line":76,"column":4},"end":{"line":78,"column":5}},{"start":{},"end":{}}],"line":76},"10":{"loc":{"start":{"line":80,"column":4},"end":{"line":82,"column":5}},"type":"if","locations":[{"start":{"line":80,"column":4},"end":{"line":82,"column":5}},{"start":{},"end":{}}],"line":80},"11":{"loc":{"start":{"line":94,"column":2},"end":{"line":96,"column":3}},"type":"if","locations":[{"start":{"line":94,"column":2},"end":{"line":96,"column":3}},{"start":{},"end":{}}],"line":94},"12":{"loc":{"start":{"line":98,"column":19},"end":{"line":98,"column":51}},"type":"binary-expr","locations":[{"start":{"line":98,"column":19},"end":{"line":98,"column":45}},{"start":{"line":98,"column":49},"end":{"line":98,"column":51}}],"line":98}},"s":{"0":3,"1":3,"2":3,"3":3,"4":3,"5":14,"6":14,"7":0,"8":14,"9":14,"10":14,"11":2,"12":12,"13":0,"14":12,"15":0,"16":12,"17":0,"18":12,"19":12,"20":9,"21":7,"22":5,"23":5,"24":2,"25":5,"26":5,"27":4,"28":4,"29":5,"30":4,"31":3,"32":1,"33":1,"34":0,"35":1,"36":0,"37":1,"38":1,"39":1,"40":3,"41":3,"42":3,"43":0,"44":3,"45":3,"46":3,"47":6,"48":24,"49":6,"50":3},"f":{"0":14,"1":2,"2":4,"3":5,"4":3,"5":3,"6":6,"7":24},"b":{"0":[0,14],"1":[2,12],"2":[14,12],"3":[0,12],"4":[0,12],"5":[0,12],"6":[12,3],"7":[7,2],"8":[3,1],"9":[0,1],"10":[0,1],"11":[0,3],"12":[3,1]},"_coverageSchema":"1a1c01bbd47fc00a2c39e90264f33305004495a9","hash":"a7a27c4739a59091ac6a9fbe198c5c2f776c1b5d"}
,"C:\\Programming\\projects\\conference-room-api\\src\\utils\\AppError.js": {"path":"C:\\Programming\\projects\\conference-room-api\\src\\utils\\AppError.js","statementMap":{"0":{"start":{"line":3,"column":4},"end":{"line":3,"column":29}},"1":{"start":{"line":4,"column":4},"end":{"line":4,"column":33}},"2":{"start":{"line":5,"column":4},"end":{"line":5,"column":31}},"3":{"start":{"line":6,"column":4},"end":{"line":6,"column":30}},"4":{"start":{"line":10,"column":0},"end":{"line":10,"column":26}}},"fnMap":{"0":{"name":"(anonymous_0)","decl":{"start":{"line":2,"column":2},"end":{"line":2,"column":3}},"loc":{"start":{"line":2,"column":37},"end":{"line":7,"column":3}},"line":2}},"branchMap":{},"s":{"0":9,"1":9,"2":9,"3":9,"4":2},"f":{"0":9},"b":{},"_coverageSchema":"1a1c01bbd47fc00a2c39e90264f33305004495a9","hash":"030ffa79124a1dfa4eaeb2330465bc83faccd7ab"}
,"C:\\Programming\\projects\\conference-room-api\\src\\utils\\errorCodes.js": {"path":"C:\\Programming\\projects\\conference-room-api\\src\\utils\\errorCodes.js","statementMap":{"0":{"start":{"line":1,"column":20},"end":{"line":61,"column":1}},"1":{"start":{"line":63,"column":0},"end":{"line":63,"column":29}}},"fnMap":{},"branchMap":{},"s":{"0":3,"1":3},"f":{},"b":{},"_coverageSchema":"1a1c01bbd47fc00a2c39e90264f33305004495a9","hash":"de57b7e30b5c1abcad6f6279ac64be09f2769b41"}
,"C:\\Programming\\projects\\conference-room-api\\src\\utils\\timeUtils.js": {"path":"C:\\Programming\\projects\\conference-room-api\\src\\utils\\timeUtils.js","statementMap":{"0":{"start":{"line":2,"column":2},"end":{"line":2,"column":66}},"1":{"start":{"line":2,"column":54},"end":{"line":2,"column":66}},"2":{"start":{"line":4,"column":31},"end":{"line":4,"column":47}},"3":{"start":{"line":5,"column":29},"end":{"line":5,"column":60}},"4":{"start":{"line":6,"column":25},"end":{"line":6,"column":56}},"5":{"start":{"line":8,"column":15},"end":{"line":8,"column":65}},"6":{"start":{"line":11,"column":4},"end":{"line":15,"column":32}},"7":{"start":{"line":17,"column":2},"end":{"line":17,"column":31}},"8":{"start":{"line":21,"column":2},"end":{"line":25,"column":4}},"9":{"start":{"line":29,"column":2},"end":{"line":29,"column":37}},"10":{"start":{"line":33,"column":2},"end":{"line":33,"column":40}},"11":{"start":{"line":36,"column":0},"end":{"line":41,"column":2}}},"fnMap":{"0":{"name":"parseDateTime","decl":{"start":{"line":1,"column":9},"end":{"line":1,"column":22}},"loc":{"start":{"line":1,"column":30},"end":{"line":18,"column":1}},"line":1},"1":{"name":"isSameDay","decl":{"start":{"line":20,"column":9},"end":{"line":20,"column":18}},"loc":{"start":{"line":20,"column":31},"end":{"line":26,"column":1}},"line":20},"2":{"name":"isInPast","decl":{"start":{"line":28,"column":9},"end":{"line":28,"column":17}},"loc":{"start":{"line":28,"column":24},"end":{"line":30,"column":1}},"line":28},"3":{"name":"overlaps","decl":{"start":{"line":32,"column":9},"end":{"line":32,"column":17}},"loc":{"start":{"line":32,"column":46},"end":{"line":34,"column":1}},"line":32}},"branchMap":{"0":{"loc":{"start":{"line":2,"column":2},"end":{"line":2,"column":66}},"type":"if","locations":[{"start":{"line":2,"column":2},"end":{"line":2,"column":66}},{"start":{},"end":{}}],"line":2},"1":{"loc":{"start":{"line":11,"column":4},"end":{"line":15,"column":32}},"type":"binary-expr","locations":[{"start":{"line":11,"column":4},"end":{"line":11,"column":31}},{"start":{"line":12,"column":4},"end":{"line":12,"column":33}},{"start":{"line":13,"column":4},"end":{"line":13,"column":26}},{"start":{"line":14,"column":4},"end":{"line":14,"column":28}},{"start":{"line":15,"column":4},"end":{"line":15,"column":32}}],"line":11},"2":{"loc":{"start":{"line":17,"column":9},"end":{"line":17,"column":30}},"type":"cond-expr","locations":[{"start":{"line":17,"column":19},"end":{"line":17,"column":23}},{"start":{"line":17,"column":26},"end":{"line":17,"column":30}}],"line":17},"3":{"loc":{"start":{"line":22,"column":4},"end":{"line":24,"column":37}},"type":"binary-expr","locations":[{"start":{"line":22,"column":4},"end":{"line":22,"column":45}},{"start":{"line":23,"column":4},"end":{"line":23,"column":39}},{"start":{"line":24,"column":4},"end":{"line":24,"column":37}}],"line":22},"4":{"loc":{"start":{"line":33,"column":9},"end":{"line":33,"column":39}},"type":"binary-expr","locations":[{"start":{"line":33,"column":9},"end":{"line":33,"column":22}},{"start":{"line":33,"column":26},"end":{"line":33,"column":39}}],"line":33}},"s":{"0":28,"1":4,"2":24,"3":24,"4":24,"5":24,"6":24,"7":24,"8":12,"9":12,"10":9,"11":3},"f":{"0":28,"1":12,"2":12,"3":9},"b":{"0":[4,24],"1":[24,24,24,24,24],"2":[24,0],"3":[12,12,12],"4":[9,7]},"_coverageSchema":"1a1c01bbd47fc00a2c39e90264f33305004495a9","hash":"35ddec01a1b93ad3d9d0b13e35fe16f639d27a2b"}
,"C:\\Programming\\projects\\conference-room-api\\src\\validators\\bookingValidators.js": {"path":"C:\\Programming\\projects\\conference-room-api\\src\\validators\\bookingValidators.js","statementMap":{"0":{"start":{"line":2,"column":41},"end":{"line":2,"column":49}},"1":{"start":{"line":4,"column":2},"end":{"line":4,"column":43}},"2":{"start":{"line":4,"column":15},"end":{"line":4,"column":43}},"3":{"start":{"line":5,"column":2},"end":{"line":5,"column":49}},"4":{"start":{"line":5,"column":18},"end":{"line":5,"column":49}},"5":{"start":{"line":6,"column":2},"end":{"line":6,"column":45}},"6":{"start":{"line":6,"column":16},"end":{"line":6,"column":45}},"7":{"start":{"line":8,"column":2},"end":{"line":8,"column":67}},"8":{"start":{"line":8,"column":34},"end":{"line":8,"column":67}},"9":{"start":{"line":9,"column":2},"end":{"line":9,"column":73}},"10":{"start":{"line":9,"column":37},"end":{"line":9,"column":73}},"11":{"start":{"line":10,"column":2},"end":{"line":10,"column":69}},"12":{"start":{"line":10,"column":35},"end":{"line":10,"column":69}},"13":{"start":{"line":12,"column":2},"end":{"line":12,"column":14}},"14":{"start":{"line":16,"column":24},"end":{"line":16,"column":34}},"15":{"start":{"line":18,"column":2},"end":{"line":18,"column":49}},"16":{"start":{"line":18,"column":18},"end":{"line":18,"column":49}},"17":{"start":{"line":19,"column":2},"end":{"line":19,"column":73}},"18":{"start":{"line":19,"column":37},"end":{"line":19,"column":73}},"19":{"start":{"line":21,"column":2},"end":{"line":21,"column":14}},"20":{"start":{"line":24,"column":0},"end":{"line":27,"column":2}}},"fnMap":{"0":{"name":"validateCreateBooking","decl":{"start":{"line":1,"column":9},"end":{"line":1,"column":30}},"loc":{"start":{"line":1,"column":36},"end":{"line":13,"column":1}},"line":1},"1":{"name":"validateCancelBooking","decl":{"start":{"line":15,"column":9},"end":{"line":15,"column":30}},"loc":{"start":{"line":15,"column":36},"end":{"line":22,"column":1}},"line":15}},"branchMap":{"0":{"loc":{"start":{"line":4,"column":2},"end":{"line":4,"column":43}},"type":"if","locations":[{"start":{"line":4,"column":2},"end":{"line":4,"column":43}},{"start":{},"end":{}}],"line":4},"1":{"loc":{"start":{"line":5,"column":2},"end":{"line":5,"column":49}},"type":"if","locations":[{"start":{"line":5,"column":2},"end":{"line":5,"column":49}},{"start":{},"end":{}}],"line":5},"2":{"loc":{"start":{"line":6,"column":2},"end":{"line":6,"column":45}},"type":"if","locations":[{"start":{"line":6,"column":2},"end":{"line":6,"column":45}},{"start":{},"end":{}}],"line":6},"3":{"loc":{"start":{"line":8,"column":2},"end":{"line":8,"column":67}},"type":"if","locations":[{"start":{"line":8,"column":2},"end":{"line":8,"column":67}},{"start":{},"end":{}}],"line":8},"4":{"loc":{"start":{"line":9,"column":2},"end":{"line":9,"column":73}},"type":"if","locations":[{"start":{"line":9,"column":2},"end":{"line":9,"column":73}},{"start":{},"end":{}}],"line":9},"5":{"loc":{"start":{"line":10,"column":2},"end":{"line":10,"column":69}},"type":"if","locations":[{"start":{"line":10,"column":2},"end":{"line":10,"column":69}},{"start":{},"end":{}}],"line":10},"6":{"loc":{"start":{"line":18,"column":2},"end":{"line":18,"column":49}},"type":"if","locations":[{"start":{"line":18,"column":2},"end":{"line":18,"column":49}},{"start":{},"end":{}}],"line":18},"7":{"loc":{"start":{"line":19,"column":2},"end":{"line":19,"column":73}},"type":"if","locations":[{"start":{"line":19,"column":2},"end":{"line":19,"column":73}},{"start":{},"end":{}}],"line":19}},"s":{"0":8,"1":8,"2":1,"3":7,"4":0,"5":7,"6":0,"7":7,"8":0,"9":7,"10":0,"11":7,"12":0,"13":7,"14":2,"15":2,"16":0,"17":2,"18":0,"19":2,"20":2},"f":{"0":8,"1":2},"b":{"0":[1,7],"1":[0,7],"2":[0,7],"3":[0,7],"4":[0,7],"5":[0,7],"6":[0,2],"7":[0,2]},"_coverageSchema":"1a1c01bbd47fc00a2c39e90264f33305004495a9","hash":"a939d629b94e46c40b71793887a3c53025050cad"}
,"C:\\Programming\\projects\\conference-room-api\\src\\validators\\roomValidators.js": {"path":"C:\\Programming\\projects\\conference-room-api\\src\\validators\\roomValidators.js","statementMap":{"0":{"start":{"line":2,"column":21},"end":{"line":2,"column":31}},"1":{"start":{"line":4,"column":2},"end":{"line":4,"column":43}},"2":{"start":{"line":4,"column":15},"end":{"line":4,"column":43}},"3":{"start":{"line":5,"column":2},"end":{"line":5,"column":67}},"4":{"start":{"line":5,"column":34},"end":{"line":5,"column":67}},"5":{"start":{"line":7,"column":2},"end":{"line":7,"column":14}},"6":{"start":{"line":10,"column":0},"end":{"line":12,"column":2}}},"fnMap":{"0":{"name":"validateRoomIdParam","decl":{"start":{"line":1,"column":9},"end":{"line":1,"column":28}},"loc":{"start":{"line":1,"column":34},"end":{"line":8,"column":1}},"line":1}},"branchMap":{"0":{"loc":{"start":{"line":4,"column":2},"end":{"line":4,"column":43}},"type":"if","locations":[{"start":{"line":4,"column":2},"end":{"line":4,"column":43}},{"start":{},"end":{}}],"line":4},"1":{"loc":{"start":{"line":5,"column":2},"end":{"line":5,"column":67}},"type":"if","locations":[{"start":{"line":5,"column":2},"end":{"line":5,"column":67}},{"start":{},"end":{}}],"line":5}},"s":{"0":2,"1":2,"2":0,"3":2,"4":0,"5":2,"6":2},"f":{"0":2},"b":{"0":[0,2],"1":[0,2]},"_coverageSchema":"1a1c01bbd47fc00a2c39e90264f33305004495a9","hash":"804019d13d21daf0991ab12de7bcecf139388c1a"}
}
