TN:
SF:src\controllers\bookingController.js
FN:8,createBookingHandler
FN:29,cancelBookingHandler
FNF:2
FNH:2
FNDA:7,createBookingHandler
FNDA:2,cancelBookingHandler
DA:1,2
DA:2,2
DA:6,2
DA:9,7
DA:11,7
DA:12,0
DA:15,7
DA:22,7
DA:23,5
DA:26,2
DA:30,2
DA:32,2
DA:33,0
DA:36,2
DA:41,2
DA:42,2
DA:45,0
DA:48,2
LF:18
LH:15
BRDA:11,0,0,0
BRDA:11,0,1,7
BRDA:11,1,0,7
BRDA:11,1,1,7
BRDA:11,1,2,7
BRDA:22,2,0,5
BRDA:22,2,1,2
BRDA:32,3,0,0
BRDA:32,3,1,2
BRDA:41,4,0,2
BRDA:41,4,1,0
BRF:11
BRH:8
end_of_record
TN:
SF:src\controllers\roomController.js
FN:4,getRoomBookingsHandler
FNF:1
FNH:1
FNDA:2,getRoomBookingsHandler
DA:1,2
DA:2,2
DA:5,2
DA:7,2
DA:12,2
DA:13,0
DA:16,2
DA:19,2
LF:8
LH:7
BRDA:12,0,0,0
BRDA:12,0,1,2
BRF:2
BRH:1
end_of_record
TN:
SF:src\data\store.js
FN:4,initializeStore
FN:12,getRooms
FN:16,getBookings
FN:20,addBooking
FN:24,removeBooking
FN:25,(anonymous_5)
FN:28,returnBookings
FNF:7
FNH:3
FNDA:13,initializeStore
FNDA:0,getRooms
FNDA:1,getBookings
FNDA:0,addBooking
FNDA:0,removeBooking
FNDA:0,(anonymous_5)
FNDA:1,returnBookings
DA:1,3
DA:2,3
DA:5,13
DA:9,13
DA:13,0
DA:17,1
DA:21,0
DA:25,0
DA:29,1
DA:32,3
LF:10
LH:7
BRF:0
BRH:0
end_of_record
TN:
SF:src\middleware\errorHandler.js
FN:1,errorHandler
FNF:1
FNH:1
FNDA:7,errorHandler
DA:2,7
DA:4,7
DA:5,0
DA:6,0
DA:14,7
DA:22,2
LF:6
LH:4
BRDA:2,0,0,7
BRDA:2,0,1,0
BRDA:4,1,0,0
BRDA:4,1,1,7
BRF:4
BRH:2
end_of_record
TN:
SF:src\middleware\requireUser.js
FN:4,requireUser
FNF:1
FNH:1
FNDA:13,requireUser
DA:1,2
DA:2,2
DA:5,13
DA:7,13
DA:8,1
DA:11,12
DA:12,12
DA:15,2
LF:8
LH:8
BRDA:7,0,0,1
BRDA:7,0,1,12
BRF:2
BRH:2
end_of_record
TN:
SF:src\middleware\validateRequest.js
FN:7,validateRequest
FN:8,(anonymous_1)
FNF:2
FNH:2
FNDA:6,validateRequest
FNDA:12,(anonymous_1)
DA:1,2
DA:2,2
DA:8,6
DA:9,12
DA:10,12
DA:11,12
DA:12,1
DA:23,11
DA:27,2
LF:9
LH:9
BRDA:11,0,0,1
BRDA:11,0,1,11
BRF:2
BRH:2
end_of_record
TN:
SF:src\models\bookingModel.js
FNF:0
FNH:0
DA:4,3
DA:6,3
LF:2
LH:2
BRF:0
BRH:0
end_of_record
TN:
SF:src\models\roomModel.js
FN:7,getRoomById
FNF:1
FNH:1
FNDA:17,getRoomById
DA:1,3
DA:8,17
DA:11,3
LF:3
LH:3
BRF:0
BRH:0
end_of_record
TN:
SF:src\routes\bookingRoutes.js
FNF:0
FNH:0
DA:1,2
DA:5,2
DA:6,2
DA:7,2
DA:11,2
DA:13,2
DA:15,2
DA:17,2
DA:23,2
DA:29,2
LF:10
LH:10
BRF:0
BRH:0
end_of_record
TN:
SF:src\routes\roomRoutes.js
FNF:0
FNH:0
DA:1,2
DA:2,2
DA:3,2
DA:4,2
DA:5,2
DA:7,2
DA:9,2
DA:16,2
LF:8
LH:8
BRF:0
BRH:0
end_of_record
TN:
SF:src\services\bookingService.js
FN:13,createBooking
FN:54,(anonymous_1)
FN:69,cancelBooking
FN:71,(anonymous_3)
FN:92,getRoomBookings
FN:102,(anonymous_5)
FN:111,formatDate
FN:112,(anonymous_7)
FNF:8
FNH:8
FNDA:14,createBooking
FNDA:2,(anonymous_1)
FNDA:4,cancelBooking
FNDA:5,(anonymous_3)
FNDA:3,getRoomBookings
FNDA:3,(anonymous_5)
FNDA:6,formatDate
FNDA:24,(anonymous_7)
DA:1,3
DA:2,3
DA:8,3
DA:9,3
DA:11,3
DA:14,14
DA:15,14
DA:16,0
DA:19,14
DA:20,14
DA:22,14
DA:23,2
DA:26,12
DA:27,0
DA:30,12
DA:31,0
DA:34,12
DA:35,0
DA:38,12
DA:39,12
DA:40,9
DA:41,7
DA:45,5
DA:53,5
DA:54,2
DA:57,5
DA:59,5
DA:70,4
DA:71,5
DA:72,4
DA:74,1
DA:76,1
DA:77,0
DA:80,1
DA:81,0
DA:84,1
DA:85,1
DA:86,1
DA:89,3
DA:93,3
DA:94,3
DA:95,0
DA:98,3
DA:100,3
DA:102,3
DA:112,24
DA:113,6
DA:118,3
LF:48
LH:41
BRDA:15,0,0,0
BRDA:15,0,1,14
BRDA:22,1,0,2
BRDA:22,1,1,12
BRDA:22,2,0,14
BRDA:22,2,1,12
BRDA:26,3,0,0
BRDA:26,3,1,12
BRDA:30,4,0,0
BRDA:30,4,1,12
BRDA:34,5,0,0
BRDA:34,5,1,12
BRDA:38,6,0,12
BRDA:38,6,1,3
BRDA:40,7,0,7
BRDA:40,7,1,2
BRDA:72,8,0,3
BRDA:72,8,1,1
BRDA:76,9,0,0
BRDA:76,9,1,1
BRDA:80,10,0,0
BRDA:80,10,1,1
BRDA:94,11,0,0
BRDA:94,11,1,3
BRDA:98,12,0,3
BRDA:98,12,1,1
BRF:26
BRH:19
end_of_record
TN:
SF:src\utils\AppError.js
FN:2,(anonymous_0)
FNF:1
FNH:1
FNDA:9,(anonymous_0)
DA:3,9
DA:4,9
DA:5,9
DA:6,9
DA:10,2
LF:5
LH:5
BRF:0
BRH:0
end_of_record
TN:
SF:src\utils\errorCodes.js
FNF:0
FNH:0
DA:1,3
DA:63,3
LF:2
LH:2
BRF:0
BRH:0
end_of_record
TN:
SF:src\utils\timeUtils.js
FN:1,parseDateTime
FN:20,isSameDay
FN:28,isInPast
FN:32,overlaps
FNF:4
FNH:4
FNDA:28,parseDateTime
FNDA:12,isSameDay
FNDA:12,isInPast
FNDA:9,overlaps
DA:2,28
DA:4,24
DA:5,24
DA:6,24
DA:8,24
DA:11,24
DA:17,24
DA:21,12
DA:29,12
DA:33,9
DA:36,3
LF:11
LH:11
BRDA:2,0,0,4
BRDA:2,0,1,24
BRDA:11,1,0,24
BRDA:11,1,1,24
BRDA:11,1,2,24
BRDA:11,1,3,24
BRDA:11,1,4,24
BRDA:17,2,0,24
BRDA:17,2,1,0
BRDA:22,3,0,12
BRDA:22,3,1,12
BRDA:22,3,2,12
BRDA:33,4,0,9
BRDA:33,4,1,7
BRF:14
BRH:13
end_of_record
TN:
SF:src\validators\bookingValidators.js
FN:1,validateCreateBooking
FN:15,validateCancelBooking
FNF:2
FNH:2
FNDA:8,validateCreateBooking
FNDA:2,validateCancelBooking
DA:2,8
DA:4,8
DA:5,7
DA:6,7
DA:8,7
DA:9,7
DA:10,7
DA:12,7
DA:16,2
DA:18,2
DA:19,2
DA:21,2
DA:24,2
LF:13
LH:13
BRDA:4,0,0,1
BRDA:4,0,1,7
BRDA:5,1,0,0
BRDA:5,1,1,7
BRDA:6,2,0,0
BRDA:6,2,1,7
BRDA:8,3,0,0
BRDA:8,3,1,7
BRDA:9,4,0,0
BRDA:9,4,1,7
BRDA:10,5,0,0
BRDA:10,5,1,7
BRDA:18,6,0,0
BRDA:18,6,1,2
BRDA:19,7,0,0
BRDA:19,7,1,2
BRF:16
BRH:9
end_of_record
TN:
SF:src\validators\roomValidators.js
FN:1,validateRoomIdParam
FNF:1
FNH:1
FNDA:2,validateRoomIdParam
DA:2,2
DA:4,2
DA:5,2
DA:7,2
DA:10,2
LF:5
LH:5
BRDA:4,0,0,0
BRDA:4,0,1,2
BRDA:5,1,0,0
BRDA:5,1,1,2
BRF:4
BRH:2
end_of_record
